{"/home/runner/work/monib.life/monib.life/admin-ui/src/App.css": {"path":"/home/runner/work/monib.life/monib.life/admin-ui/src/App.css","statementMap":{},"fnMap":{},"branchMap":{},"s":{},"f":{},"b":{},"meta":{"lastBranch":0,"lastFunction":0,"lastStatement":0,"seen":{}}}
,"/home/runner/work/monib.life/monib.life/admin-ui/src/App.tsx": {"path":"/home/runner/work/monib.life/monib.life/admin-ui/src/App.tsx","statementMap":{"0":{"start":{"line":7,"column":22},"end":{"line":7,"column":null}},"1":{"start":{"line":8,"column":38},"end":{"line":8,"column":null}},"2":{"start":{"line":9,"column":36},"end":{"line":9,"column":null}},"3":{"start":{"line":10,"column":22},"end":{"line":10,"column":null}},"4":{"start":{"line":11,"column":32},"end":{"line":11,"column":null}},"5":{"start":{"line":12,"column":24},"end":{"line":12,"column":null}},"6":{"start":{"line":13,"column":40},"end":{"line":13,"column":null}},"7":{"start":{"line":16,"column":8},"end":{"line":27,"column":null}},"8":{"start":{"line":17,"column":4},"end":{"line":26,"column":null}},"9":{"start":{"line":18,"column":37},"end":{"line":21,"column":null}},"10":{"start":{"line":22,"column":6},"end":{"line":22,"column":null}},"11":{"start":{"line":23,"column":6},"end":{"line":23,"column":null}},"12":{"start":{"line":25,"column":6},"end":{"line":25,"column":null}},"13":{"start":{"line":29,"column":2},"end":{"line":33,"column":null}},"14":{"start":{"line":30,"column":4},"end":{"line":30,"column":null}},"15":{"start":{"line":31,"column":21},"end":{"line":31,"column":null}},"16":{"start":{"line":32,"column":4},"end":{"line":32,"column":null}},"17":{"start":{"line":32,"column":17},"end":{"line":32,"column":null}},"18":{"start":{"line":36,"column":2},"end":{"line":50,"column":null}},"19":{"start":{"line":37,"column":4},"end":{"line":37,"column":null}},"20":{"start":{"line":37,"column":47},"end":{"line":37,"column":null}},"21":{"start":{"line":39,"column":24},"end":{"line":39,"column":null}},"22":{"start":{"line":41,"column":4},"end":{"line":43,"column":null}},"23":{"start":{"line":42,"column":6},"end":{"line":42,"column":null}},"24":{"start":{"line":42,"column":22},"end":{"line":42,"column":43}},"25":{"start":{"line":45,"column":4},"end":{"line":47,"column":null}},"26":{"start":{"line":46,"column":6},"end":{"line":46,"column":null}},"27":{"start":{"line":49,"column":4},"end":{"line":49,"column":null}},"28":{"start":{"line":49,"column":17},"end":{"line":49,"column":null}},"29":{"start":{"line":52,"column":27},"end":{"line":72,"column":null}},"30":{"start":{"line":53,"column":18},"end":{"line":53,"column":null}},"31":{"start":{"line":54,"column":4},"end":{"line":54,"column":null}},"32":{"start":{"line":54,"column":38},"end":{"line":54,"column":null}},"33":{"start":{"line":56,"column":4},"end":{"line":56,"column":null}},"34":{"start":{"line":57,"column":4},"end":{"line":57,"column":null}},"35":{"start":{"line":58,"column":31},"end":{"line":58,"column":null}},"36":{"start":{"line":60,"column":4},"end":{"line":71,"column":null}},"37":{"start":{"line":61,"column":6},"end":{"line":64,"column":null}},"38":{"start":{"line":62,"column":25},"end":{"line":62,"column":null}},"39":{"start":{"line":63,"column":8},"end":{"line":63,"column":null}},"40":{"start":{"line":65,"column":6},"end":{"line":65,"column":null}},"41":{"start":{"line":65,"column":31},"end":{"line":65,"column":53}},"42":{"start":{"line":66,"column":6},"end":{"line":66,"column":null}},"43":{"start":{"line":68,"column":6},"end":{"line":68,"column":null}},"44":{"start":{"line":70,"column":6},"end":{"line":70,"column":null}},"45":{"start":{"line":74,"column":26},"end":{"line":97,"column":null}},"46":{"start":{"line":75,"column":4},"end":{"line":78,"column":null}},"47":{"start":{"line":76,"column":6},"end":{"line":76,"column":null}},"48":{"start":{"line":77,"column":6},"end":{"line":77,"column":null}},"49":{"start":{"line":80,"column":4},"end":{"line":83,"column":null}},"50":{"start":{"line":81,"column":6},"end":{"line":81,"column":null}},"51":{"start":{"line":82,"column":6},"end":{"line":82,"column":null}},"52":{"start":{"line":85,"column":4},"end":{"line":96,"column":null}},"53":{"start":{"line":86,"column":6},"end":{"line":90,"column":null}},"54":{"start":{"line":87,"column":8},"end":{"line":87,"column":null}},"55":{"start":{"line":89,"column":8},"end":{"line":89,"column":null}},"56":{"start":{"line":91,"column":6},"end":{"line":91,"column":null}},"57":{"start":{"line":92,"column":6},"end":{"line":92,"column":null}},"58":{"start":{"line":93,"column":6},"end":{"line":93,"column":null}},"59":{"start":{"line":95,"column":6},"end":{"line":95,"column":null}},"60":{"start":{"line":99,"column":26},"end":{"line":106,"column":null}},"61":{"start":{"line":100,"column":4},"end":{"line":105,"column":null}},"62":{"start":{"line":101,"column":6},"end":{"line":101,"column":null}},"63":{"start":{"line":102,"column":6},"end":{"line":102,"column":null}},"64":{"start":{"line":104,"column":6},"end":{"line":104,"column":null}},"65":{"start":{"line":108,"column":25},"end":{"line":118,"column":null}},"66":{"start":{"line":109,"column":4},"end":{"line":117,"column":null}},"67":{"start":{"line":110,"column":32},"end":{"line":110,"column":null}},"68":{"start":{"line":111,"column":30},"end":{"line":111,"column":null}},"69":{"start":{"line":112,"column":29},"end":{"line":112,"column":null}},"70":{"start":{"line":113,"column":29},"end":{"line":113,"column":null}},"71":{"start":{"line":114,"column":32},"end":{"line":114,"column":null}},"72":{"start":{"line":115,"column":28},"end":{"line":115,"column":null}},"73":{"start":{"line":116,"column":15},"end":{"line":116,"column":null}},"74":{"start":{"line":120,"column":2},"end":{"line":300,"column":null}},"75":{"start":{"line":129,"column":33},"end":{"line":129,"column":47}},"76":{"start":{"line":193,"column":18},"end":{"line":195,"column":null}},"77":{"start":{"line":198,"column":41},"end":{"line":198,"column":69}},"78":{"start":{"line":202,"column":35},"end":{"line":202,"column":null}},"79":{"start":{"line":208,"column":35},"end":{"line":208,"column":null}},"80":{"start":{"line":226,"column":18},"end":{"line":270,"column":null}},"81":{"start":{"line":230,"column":22},"end":{"line":230,"column":null}},"82":{"start":{"line":231,"column":22},"end":{"line":231,"column":null}},"83":{"start":{"line":262,"column":26},"end":{"line":262,"column":null}},"84":{"start":{"line":263,"column":26},"end":{"line":263,"column":null}},"85":{"start":{"line":290,"column":20},"end":{"line":292,"column":null}}},"fnMap":{"0":{"name":"App","decl":{"start":{"line":6,"column":9},"end":{"line":6,"column":15}},"loc":{"start":{"line":6,"column":15},"end":{"line":302,"column":null}},"line":6},"1":{"name":"(anonymous_1)","decl":{"start":{"line":16,"column":32},"end":{"line":16,"column":44}},"loc":{"start":{"line":16,"column":44},"end":{"line":27,"column":5}},"line":16},"2":{"name":"(anonymous_2)","decl":{"start":{"line":29,"column":12},"end":{"line":29,"column":18}},"loc":{"start":{"line":29,"column":18},"end":{"line":33,"column":5}},"line":29},"3":{"name":"(anonymous_3)","decl":{"start":{"line":32,"column":11},"end":{"line":32,"column":17}},"loc":{"start":{"line":32,"column":17},"end":{"line":32,"column":null}},"line":32},"4":{"name":"(anonymous_4)","decl":{"start":{"line":36,"column":12},"end":{"line":36,"column":18}},"loc":{"start":{"line":36,"column":18},"end":{"line":50,"column":5}},"line":36},"5":{"name":"(anonymous_5)","decl":{"start":{"line":41,"column":28},"end":{"line":41,"column":29}},"loc":{"start":{"line":41,"column":39},"end":{"line":43,"column":null}},"line":41},"6":{"name":"(anonymous_6)","decl":{"start":{"line":42,"column":14},"end":{"line":42,"column":22}},"loc":{"start":{"line":42,"column":22},"end":{"line":42,"column":43}},"line":42},"7":{"name":"(anonymous_7)","decl":{"start":{"line":45,"column":26},"end":{"line":45,"column":32}},"loc":{"start":{"line":45,"column":32},"end":{"line":47,"column":null}},"line":45},"8":{"name":"(anonymous_8)","decl":{"start":{"line":49,"column":11},"end":{"line":49,"column":17}},"loc":{"start":{"line":49,"column":17},"end":{"line":49,"column":null}},"line":49},"9":{"name":"(anonymous_9)","decl":{"start":{"line":52,"column":27},"end":{"line":52,"column":34}},"loc":{"start":{"line":52,"column":77},"end":{"line":72,"column":null}},"line":52},"10":{"name":"(anonymous_10)","decl":{"start":{"line":65,"column":23},"end":{"line":65,"column":31}},"loc":{"start":{"line":65,"column":31},"end":{"line":65,"column":53}},"line":65},"11":{"name":"(anonymous_11)","decl":{"start":{"line":74,"column":26},"end":{"line":74,"column":33}},"loc":{"start":{"line":74,"column":68},"end":{"line":97,"column":null}},"line":74},"12":{"name":"(anonymous_12)","decl":{"start":{"line":99,"column":26},"end":{"line":99,"column":33}},"loc":{"start":{"line":99,"column":51},"end":{"line":106,"column":null}},"line":99},"13":{"name":"(anonymous_13)","decl":{"start":{"line":108,"column":25},"end":{"line":108,"column":26}},"loc":{"start":{"line":108,"column":48},"end":{"line":118,"column":null}},"line":108},"14":{"name":"(anonymous_14)","decl":{"start":{"line":129,"column":27},"end":{"line":129,"column":33}},"loc":{"start":{"line":129,"column":33},"end":{"line":129,"column":47}},"line":129},"15":{"name":"(anonymous_15)","decl":{"start":{"line":192,"column":35},"end":{"line":192,"column":36}},"loc":{"start":{"line":193,"column":18},"end":{"line":195,"column":null}},"line":193},"16":{"name":"(anonymous_16)","decl":{"start":{"line":198,"column":35},"end":{"line":198,"column":41}},"loc":{"start":{"line":198,"column":41},"end":{"line":198,"column":69}},"line":198},"17":{"name":"(anonymous_17)","decl":{"start":{"line":202,"column":29},"end":{"line":202,"column":35}},"loc":{"start":{"line":202,"column":35},"end":{"line":202,"column":null}},"line":202},"18":{"name":"(anonymous_18)","decl":{"start":{"line":208,"column":29},"end":{"line":208,"column":35}},"loc":{"start":{"line":208,"column":35},"end":{"line":208,"column":null}},"line":208},"19":{"name":"(anonymous_19)","decl":{"start":{"line":225,"column":25},"end":{"line":225,"column":null}},"loc":{"start":{"line":226,"column":18},"end":{"line":270,"column":null}},"line":226},"20":{"name":"(anonymous_20)","decl":{"start":{"line":229,"column":29},"end":{"line":229,"column":35}},"loc":{"start":{"line":229,"column":35},"end":{"line":232,"column":null}},"line":229},"21":{"name":"(anonymous_21)","decl":{"start":{"line":261,"column":33},"end":{"line":261,"column":34}},"loc":{"start":{"line":261,"column":40},"end":{"line":264,"column":null}},"line":261},"22":{"name":"(anonymous_22)","decl":{"start":{"line":289,"column":27},"end":{"line":289,"column":28}},"loc":{"start":{"line":290,"column":20},"end":{"line":292,"column":null}},"line":290}},"branchMap":{"0":{"loc":{"start":{"line":37,"column":4},"end":{"line":37,"column":null}},"type":"if","locations":[{"start":{"line":37,"column":4},"end":{"line":37,"column":null}},{"start":{},"end":{}}],"line":37},"1":{"loc":{"start":{"line":37,"column":8},"end":{"line":37,"column":47}},"type":"binary-expr","locations":[{"start":{"line":37,"column":8},"end":{"line":37,"column":24}},{"start":{"line":37,"column":24},"end":{"line":37,"column":47}}],"line":37},"2":{"loc":{"start":{"line":54,"column":4},"end":{"line":54,"column":null}},"type":"if","locations":[{"start":{"line":54,"column":4},"end":{"line":54,"column":null}},{"start":{},"end":{}}],"line":54},"3":{"loc":{"start":{"line":54,"column":8},"end":{"line":54,"column":38}},"type":"binary-expr","locations":[{"start":{"line":54,"column":8},"end":{"line":54,"column":18}},{"start":{"line":54,"column":18},"end":{"line":54,"column":38}}],"line":54},"4":{"loc":{"start":{"line":68,"column":15},"end":{"line":68,"column":67}},"type":"cond-expr","locations":[{"start":{"line":68,"column":38},"end":{"line":68,"column":52}},{"start":{"line":68,"column":52},"end":{"line":68,"column":67}}],"line":68},"5":{"loc":{"start":{"line":75,"column":4},"end":{"line":78,"column":null}},"type":"if","locations":[{"start":{"line":75,"column":4},"end":{"line":78,"column":null}},{"start":{},"end":{}}],"line":75},"6":{"loc":{"start":{"line":80,"column":4},"end":{"line":83,"column":null}},"type":"if","locations":[{"start":{"line":80,"column":4},"end":{"line":83,"column":null}},{"start":{},"end":{}}],"line":80},"7":{"loc":{"start":{"line":80,"column":8},"end":{"line":80,"column":59}},"type":"binary-expr","locations":[{"start":{"line":80,"column":8},"end":{"line":80,"column":33}},{"start":{"line":80,"column":33},"end":{"line":80,"column":59}}],"line":80},"8":{"loc":{"start":{"line":86,"column":6},"end":{"line":90,"column":null}},"type":"if","locations":[{"start":{"line":86,"column":6},"end":{"line":90,"column":null}},{"start":{"line":88,"column":13},"end":{"line":90,"column":null}}],"line":86},"9":{"loc":{"start":{"line":95,"column":15},"end":{"line":95,"column":74}},"type":"cond-expr","locations":[{"start":{"line":95,"column":38},"end":{"line":95,"column":52}},{"start":{"line":95,"column":52},"end":{"line":95,"column":74}}],"line":95},"10":{"loc":{"start":{"line":104,"column":15},"end":{"line":104,"column":74}},"type":"cond-expr","locations":[{"start":{"line":104,"column":38},"end":{"line":104,"column":52}},{"start":{"line":104,"column":52},"end":{"line":104,"column":74}}],"line":104},"11":{"loc":{"start":{"line":109,"column":4},"end":{"line":117,"column":null}},"type":"switch","locations":[{"start":{"line":110,"column":6},"end":{"line":110,"column":null}},{"start":{"line":111,"column":6},"end":{"line":111,"column":null}},{"start":{"line":112,"column":6},"end":{"line":112,"column":null}},{"start":{"line":113,"column":6},"end":{"line":113,"column":null}},{"start":{"line":114,"column":6},"end":{"line":114,"column":null}},{"start":{"line":115,"column":6},"end":{"line":115,"column":null}},{"start":{"line":116,"column":6},"end":{"line":116,"column":null}}],"line":109},"12":{"loc":{"start":{"line":126,"column":7},"end":{"line":130,"column":null}},"type":"binary-expr","locations":[{"start":{"line":126,"column":7},"end":{"line":126,"column":null}},{"start":{"line":127,"column":8},"end":{"line":130,"column":null}}],"line":126},"13":{"loc":{"start":{"line":135,"column":9},"end":{"line":168,"column":null}},"type":"binary-expr","locations":[{"start":{"line":135,"column":9},"end":{"line":135,"column":null}},{"start":{"line":136,"column":10},"end":{"line":168,"column":null}}],"line":135},"14":{"loc":{"start":{"line":185,"column":17},"end":{"line":185,"column":null}},"type":"cond-expr","locations":[{"start":{"line":185,"column":29},"end":{"line":185,"column":46}},{"start":{"line":185,"column":46},"end":{"line":185,"column":null}}],"line":185},"15":{"loc":{"start":{"line":189,"column":13},"end":{"line":214,"column":null}},"type":"binary-expr","locations":[{"start":{"line":189,"column":13},"end":{"line":189,"column":null}},{"start":{"line":190,"column":14},"end":{"line":214,"column":null}}],"line":189},"16":{"loc":{"start":{"line":222,"column":15},"end":{"line":271,"column":null}},"type":"cond-expr","locations":[{"start":{"line":223,"column":16},"end":{"line":223,"column":null}},{"start":{"line":225,"column":16},"end":{"line":271,"column":null}}],"line":222},"17":{"loc":{"start":{"line":228,"column":43},"end":{"line":228,"column":95}},"type":"cond-expr","locations":[{"start":{"line":228,"column":80},"end":{"line":228,"column":93}},{"start":{"line":228,"column":93},"end":{"line":228,"column":95}}],"line":228},"18":{"loc":{"start":{"line":251,"column":21},"end":{"line":257,"column":null}},"type":"binary-expr","locations":[{"start":{"line":251,"column":21},"end":{"line":251,"column":null}},{"start":{"line":252,"column":22},"end":{"line":257,"column":null}}],"line":251},"19":{"loc":{"start":{"line":259,"column":21},"end":{"line":268,"column":null}},"type":"binary-expr","locations":[{"start":{"line":259,"column":21},"end":{"line":259,"column":null}},{"start":{"line":260,"column":22},"end":{"line":268,"column":null}}],"line":259},"20":{"loc":{"start":{"line":277,"column":11},"end":{"line":296,"column":null}},"type":"binary-expr","locations":[{"start":{"line":277,"column":11},"end":{"line":277,"column":null}},{"start":{"line":278,"column":12},"end":{"line":296,"column":null}}],"line":277},"21":{"loc":{"start":{"line":286,"column":17},"end":{"line":293,"column":null}},"type":"cond-expr","locations":[{"start":{"line":287,"column":18},"end":{"line":287,"column":null}},{"start":{"line":289,"column":18},"end":{"line":293,"column":null}}],"line":286}},"s":{"0":76,"1":76,"2":76,"3":76,"4":76,"5":76,"6":76,"7":76,"8":24,"9":24,"10":24,"11":24,"12":0,"13":76,"14":20,"15":20,"16":20,"17":20,"18":76,"19":21,"20":21,"21":0,"22":0,"23":0,"24":0,"25":0,"26":0,"27":0,"28":0,"29":76,"30":13,"31":13,"32":0,"33":13,"34":13,"35":13,"36":13,"37":13,"38":13,"39":10,"40":10,"41":10,"42":10,"43":3,"44":13,"45":76,"46":4,"47":0,"48":0,"49":4,"50":0,"51":0,"52":4,"53":4,"54":3,"55":1,"56":3,"57":3,"58":3,"59":1,"60":76,"61":1,"62":1,"63":1,"64":0,"65":76,"66":58,"67":27,"68":30,"69":1,"70":0,"71":0,"72":0,"73":0,"74":76,"75":1,"76":13,"77":3,"78":1,"79":1,"80":57,"81":1,"82":1,"83":1,"84":1,"85":0},"f":{"0":76,"1":24,"2":20,"3":20,"4":21,"5":0,"6":0,"7":0,"8":0,"9":13,"10":10,"11":4,"12":1,"13":58,"14":1,"15":13,"16":3,"17":1,"18":1,"19":57,"20":1,"21":1,"22":0},"b":{"0":[21,0],"1":[21,1],"2":[0,13],"3":[13,13],"4":[3,0],"5":[0,4],"6":[0,4],"7":[4,1],"8":[3,1],"9":[1,0],"10":[0,0],"11":[27,30,1,0,0,0,0],"12":[76,4],"13":[76,55],"14":[13,62],"15":[76,12],"16":[46,29],"17":[1,56],"18":[57,29],"19":[57,29],"20":[76,1],"21":[1,0]},"meta":{"lastBranch":22,"lastFunction":23,"lastStatement":86,"seen":{"f:6:9:6:15":0,"s:7:22:7:Infinity":0,"s:8:38:8:Infinity":1,"s:9:36:9:Infinity":2,"s:10:22:10:Infinity":3,"s:11:32:11:Infinity":4,"s:12:24:12:Infinity":5,"s:13:40:13:Infinity":6,"s:16:8:27:Infinity":7,"f:16:32:16:44":1,"s:17:4:26:Infinity":8,"s:18:37:21:Infinity":9,"s:22:6:22:Infinity":10,"s:23:6:23:Infinity":11,"s:25:6:25:Infinity":12,"s:29:2:33:Infinity":13,"f:29:12:29:18":2,"s:30:4:30:Infinity":14,"s:31:21:31:Infinity":15,"s:32:4:32:Infinity":16,"f:32:11:32:17":3,"s:32:17:32:Infinity":17,"s:36:2:50:Infinity":18,"f:36:12:36:18":4,"b:37:4:37:Infinity:undefined:undefined:undefined:undefined":0,"s:37:4:37:Infinity":19,"b:37:8:37:24:37:24:37:47":1,"s:37:47:37:Infinity":20,"s:39:24:39:Infinity":21,"s:41:4:43:Infinity":22,"f:41:28:41:29":5,"s:42:6:42:Infinity":23,"f:42:14:42:22":6,"s:42:22:42:43":24,"s:45:4:47:Infinity":25,"f:45:26:45:32":7,"s:46:6:46:Infinity":26,"s:49:4:49:Infinity":27,"f:49:11:49:17":8,"s:49:17:49:Infinity":28,"s:52:27:72:Infinity":29,"f:52:27:52:34":9,"s:53:18:53:Infinity":30,"b:54:4:54:Infinity:undefined:undefined:undefined:undefined":2,"s:54:4:54:Infinity":31,"b:54:8:54:18:54:18:54:38":3,"s:54:38:54:Infinity":32,"s:56:4:56:Infinity":33,"s:57:4:57:Infinity":34,"s:58:31:58:Infinity":35,"s:60:4:71:Infinity":36,"s:61:6:64:Infinity":37,"s:62:25:62:Infinity":38,"s:63:8:63:Infinity":39,"s:65:6:65:Infinity":40,"f:65:23:65:31":10,"s:65:31:65:53":41,"s:66:6:66:Infinity":42,"s:68:6:68:Infinity":43,"b:68:38:68:52:68:52:68:67":4,"s:70:6:70:Infinity":44,"s:74:26:97:Infinity":45,"f:74:26:74:33":11,"b:75:4:78:Infinity:undefined:undefined:undefined:undefined":5,"s:75:4:78:Infinity":46,"s:76:6:76:Infinity":47,"s:77:6:77:Infinity":48,"b:80:4:83:Infinity:undefined:undefined:undefined:undefined":6,"s:80:4:83:Infinity":49,"b:80:8:80:33:80:33:80:59":7,"s:81:6:81:Infinity":50,"s:82:6:82:Infinity":51,"s:85:4:96:Infinity":52,"b:86:6:90:Infinity:88:13:90:Infinity":8,"s:86:6:90:Infinity":53,"s:87:8:87:Infinity":54,"s:89:8:89:Infinity":55,"s:91:6:91:Infinity":56,"s:92:6:92:Infinity":57,"s:93:6:93:Infinity":58,"s:95:6:95:Infinity":59,"b:95:38:95:52:95:52:95:74":9,"s:99:26:106:Infinity":60,"f:99:26:99:33":12,"s:100:4:105:Infinity":61,"s:101:6:101:Infinity":62,"s:102:6:102:Infinity":63,"s:104:6:104:Infinity":64,"b:104:38:104:52:104:52:104:74":10,"s:108:25:118:Infinity":65,"f:108:25:108:26":13,"b:110:6:110:Infinity:111:6:111:Infinity:112:6:112:Infinity:113:6:113:Infinity:114:6:114:Infinity:115:6:115:Infinity:116:6:116:Infinity":11,"s:109:4:117:Infinity":66,"s:110:32:110:Infinity":67,"s:111:30:111:Infinity":68,"s:112:29:112:Infinity":69,"s:113:29:113:Infinity":70,"s:114:32:114:Infinity":71,"s:115:28:115:Infinity":72,"s:116:15:116:Infinity":73,"s:120:2:300:Infinity":74,"b:126:7:126:Infinity:127:8:130:Infinity":12,"f:129:27:129:33":14,"s:129:33:129:47":75,"b:135:9:135:Infinity:136:10:168:Infinity":13,"b:185:29:185:46:185:46:185:Infinity":14,"b:189:13:189:Infinity:190:14:214:Infinity":15,"f:192:35:192:36":15,"s:193:18:195:Infinity":76,"f:198:35:198:41":16,"s:198:41:198:69":77,"f:202:29:202:35":17,"s:202:35:202:Infinity":78,"f:208:29:208:35":18,"s:208:35:208:Infinity":79,"b:223:16:223:Infinity:225:16:271:Infinity":16,"f:225:25:225:Infinity":19,"s:226:18:270:Infinity":80,"b:228:80:228:93:228:93:228:95":17,"f:229:29:229:35":20,"s:230:22:230:Infinity":81,"s:231:22:231:Infinity":82,"b:251:21:251:Infinity:252:22:257:Infinity":18,"b:259:21:259:Infinity:260:22:268:Infinity":19,"f:261:33:261:34":21,"s:262:26:262:Infinity":83,"s:263:26:263:Infinity":84,"b:277:11:277:Infinity:278:12:296:Infinity":20,"b:287:18:287:Infinity:289:18:293:Infinity":21,"f:289:27:289:28":22,"s:290:20:292:Infinity":85}}}
,"/home/runner/work/monib.life/monib.life/admin-ui/src/services/api.ts": {"path":"/home/runner/work/monib.life/monib.life/admin-ui/src/services/api.ts","statementMap":{"0":{"start":{"line":7,"column":17},"end":{"line":7,"column":null}},"1":{"start":{"line":14,"column":21},"end":{"line":14,"column":null}},"2":{"start":{"line":15,"column":4},"end":{"line":15,"column":null}},"3":{"start":{"line":17,"column":21},"end":{"line":20,"column":null}},"4":{"start":{"line":22,"column":4},"end":{"line":25,"column":null}},"5":{"start":{"line":23,"column":20},"end":{"line":23,"column":null}},"6":{"start":{"line":24,"column":6},"end":{"line":24,"column":null}},"7":{"start":{"line":27,"column":4},"end":{"line":27,"column":null}},"8":{"start":{"line":34,"column":21},"end":{"line":38,"column":null}},"9":{"start":{"line":40,"column":4},"end":{"line":43,"column":null}},"10":{"start":{"line":41,"column":20},"end":{"line":41,"column":null}},"11":{"start":{"line":42,"column":6},"end":{"line":42,"column":null}},"12":{"start":{"line":45,"column":4},"end":{"line":45,"column":null}},"13":{"start":{"line":52,"column":21},"end":{"line":56,"column":null}},"14":{"start":{"line":58,"column":4},"end":{"line":61,"column":null}},"15":{"start":{"line":59,"column":20},"end":{"line":59,"column":null}},"16":{"start":{"line":60,"column":6},"end":{"line":60,"column":null}},"17":{"start":{"line":63,"column":4},"end":{"line":63,"column":null}},"18":{"start":{"line":70,"column":16},"end":{"line":70,"column":null}},"19":{"start":{"line":71,"column":4},"end":{"line":73,"column":null}},"20":{"start":{"line":72,"column":6},"end":{"line":72,"column":null}},"21":{"start":{"line":75,"column":21},"end":{"line":75,"column":null}},"22":{"start":{"line":76,"column":4},"end":{"line":78,"column":null}},"23":{"start":{"line":77,"column":6},"end":{"line":77,"column":null}},"24":{"start":{"line":80,"column":17},"end":{"line":80,"column":null}},"25":{"start":{"line":81,"column":4},"end":{"line":81,"column":null}},"26":{"start":{"line":88,"column":21},"end":{"line":88,"column":null}},"27":{"start":{"line":89,"column":4},"end":{"line":91,"column":null}},"28":{"start":{"line":90,"column":6},"end":{"line":90,"column":null}},"29":{"start":{"line":93,"column":4},"end":{"line":93,"column":null}},"30":{"start":{"line":100,"column":21},"end":{"line":102,"column":null}},"31":{"start":{"line":104,"column":4},"end":{"line":107,"column":null}},"32":{"start":{"line":105,"column":20},"end":{"line":105,"column":null}},"33":{"start":{"line":106,"column":6},"end":{"line":106,"column":null}},"34":{"start":{"line":114,"column":21},"end":{"line":114,"column":null}},"35":{"start":{"line":115,"column":4},"end":{"line":117,"column":null}},"36":{"start":{"line":116,"column":6},"end":{"line":116,"column":null}},"37":{"start":{"line":119,"column":4},"end":{"line":119,"column":null}},"38":{"start":{"line":126,"column":4},"end":{"line":126,"column":null}}},"fnMap":{"0":{"name":"(anonymous_0)","decl":{"start":{"line":13,"column":15},"end":{"line":13,"column":26}},"loc":{"start":{"line":13,"column":63},"end":{"line":28,"column":null}},"line":13},"1":{"name":"(anonymous_1)","decl":{"start":{"line":33,"column":15},"end":{"line":33,"column":32}},"loc":{"start":{"line":33,"column":67},"end":{"line":46,"column":null}},"line":33},"2":{"name":"(anonymous_2)","decl":{"start":{"line":51,"column":15},"end":{"line":51,"column":35}},"loc":{"start":{"line":51,"column":70},"end":{"line":64,"column":null}},"line":51},"3":{"name":"(anonymous_3)","decl":{"start":{"line":69,"column":15},"end":{"line":69,"column":24}},"loc":{"start":{"line":69,"column":57},"end":{"line":82,"column":null}},"line":69},"4":{"name":"(anonymous_4)","decl":{"start":{"line":87,"column":15},"end":{"line":87,"column":22}},"loc":{"start":{"line":87,"column":51},"end":{"line":94,"column":null}},"line":87},"5":{"name":"(anonymous_5)","decl":{"start":{"line":99,"column":15},"end":{"line":99,"column":25}},"loc":{"start":{"line":99,"column":55},"end":{"line":108,"column":null}},"line":99},"6":{"name":"(anonymous_6)","decl":{"start":{"line":113,"column":15},"end":{"line":113,"column":56}},"loc":{"start":{"line":113,"column":56},"end":{"line":120,"column":null}},"line":113},"7":{"name":"(anonymous_7)","decl":{"start":{"line":125,"column":9},"end":{"line":125,"column":25}},"loc":{"start":{"line":125,"column":48},"end":{"line":127,"column":null}},"line":125}},"branchMap":{"0":{"loc":{"start":{"line":7,"column":17},"end":{"line":7,"column":null}},"type":"binary-expr","locations":[{"start":{"line":7,"column":17},"end":{"line":7,"column":49}},{"start":{"line":7,"column":49},"end":{"line":7,"column":null}}],"line":7},"1":{"loc":{"start":{"line":22,"column":4},"end":{"line":25,"column":null}},"type":"if","locations":[{"start":{"line":22,"column":4},"end":{"line":25,"column":null}},{"start":{},"end":{}}],"line":22},"2":{"loc":{"start":{"line":24,"column":22},"end":{"line":24,"column":53}},"type":"binary-expr","locations":[{"start":{"line":24,"column":22},"end":{"line":24,"column":38}},{"start":{"line":24,"column":38},"end":{"line":24,"column":53}}],"line":24},"3":{"loc":{"start":{"line":40,"column":4},"end":{"line":43,"column":null}},"type":"if","locations":[{"start":{"line":40,"column":4},"end":{"line":43,"column":null}},{"start":{},"end":{}}],"line":40},"4":{"loc":{"start":{"line":42,"column":22},"end":{"line":42,"column":60}},"type":"binary-expr","locations":[{"start":{"line":42,"column":22},"end":{"line":42,"column":38}},{"start":{"line":42,"column":38},"end":{"line":42,"column":60}}],"line":42},"5":{"loc":{"start":{"line":58,"column":4},"end":{"line":61,"column":null}},"type":"if","locations":[{"start":{"line":58,"column":4},"end":{"line":61,"column":null}},{"start":{},"end":{}}],"line":58},"6":{"loc":{"start":{"line":60,"column":22},"end":{"line":60,"column":60}},"type":"binary-expr","locations":[{"start":{"line":60,"column":22},"end":{"line":60,"column":38}},{"start":{"line":60,"column":38},"end":{"line":60,"column":60}}],"line":60},"7":{"loc":{"start":{"line":71,"column":4},"end":{"line":73,"column":null}},"type":"if","locations":[{"start":{"line":71,"column":4},"end":{"line":73,"column":null}},{"start":{},"end":{}}],"line":71},"8":{"loc":{"start":{"line":76,"column":4},"end":{"line":78,"column":null}},"type":"if","locations":[{"start":{"line":76,"column":4},"end":{"line":78,"column":null}},{"start":{},"end":{}}],"line":76},"9":{"loc":{"start":{"line":89,"column":4},"end":{"line":91,"column":null}},"type":"if","locations":[{"start":{"line":89,"column":4},"end":{"line":91,"column":null}},{"start":{},"end":{}}],"line":89},"10":{"loc":{"start":{"line":104,"column":4},"end":{"line":107,"column":null}},"type":"if","locations":[{"start":{"line":104,"column":4},"end":{"line":107,"column":null}},{"start":{},"end":{}}],"line":104},"11":{"loc":{"start":{"line":106,"column":22},"end":{"line":106,"column":60}},"type":"binary-expr","locations":[{"start":{"line":106,"column":22},"end":{"line":106,"column":38}},{"start":{"line":106,"column":38},"end":{"line":106,"column":60}}],"line":106},"12":{"loc":{"start":{"line":115,"column":4},"end":{"line":117,"column":null}},"type":"if","locations":[{"start":{"line":115,"column":4},"end":{"line":117,"column":null}},{"start":{},"end":{}}],"line":115}},"s":{"0":1,"1":2,"2":2,"3":2,"4":2,"5":1,"6":1,"7":1,"8":2,"9":2,"10":1,"11":1,"12":1,"13":1,"14":1,"15":0,"16":0,"17":1,"18":0,"19":0,"20":0,"21":0,"22":0,"23":0,"24":0,"25":0,"26":0,"27":0,"28":0,"29":0,"30":0,"31":0,"32":0,"33":0,"34":1,"35":1,"36":0,"37":1,"38":1},"f":{"0":1,"1":1,"2":1,"3":1,"4":1,"5":1,"6":1,"7":1},"b":{"0":[1,1],"1":[1,1],"2":[1,0],"3":[1,1],"4":[1,0],"5":[0,1],"6":[0,0],"7":[0,0],"8":[0,0],"9":[0,0],"10":[0,0],"11":[0,0],"12":[0,1]},"meta":{"lastBranch":13,"lastFunction":8,"lastStatement":39,"seen":{"s:7:17:7:Infinity":0,"b:7:17:7:49:7:49:7:Infinity":0,"f:13:15:13:26":0,"s:14:21:14:Infinity":1,"s:15:4:15:Infinity":2,"s:17:21:20:Infinity":3,"b:22:4:25:Infinity:undefined:undefined:undefined:undefined":1,"s:22:4:25:Infinity":4,"s:23:20:23:Infinity":5,"s:24:6:24:Infinity":6,"b:24:22:24:38:24:38:24:53":2,"s:27:4:27:Infinity":7,"f:33:15:33:32":1,"s:34:21:38:Infinity":8,"b:40:4:43:Infinity:undefined:undefined:undefined:undefined":3,"s:40:4:43:Infinity":9,"s:41:20:41:Infinity":10,"s:42:6:42:Infinity":11,"b:42:22:42:38:42:38:42:60":4,"s:45:4:45:Infinity":12,"f:51:15:51:35":2,"s:52:21:56:Infinity":13,"b:58:4:61:Infinity:undefined:undefined:undefined:undefined":5,"s:58:4:61:Infinity":14,"s:59:20:59:Infinity":15,"s:60:6:60:Infinity":16,"b:60:22:60:38:60:38:60:60":6,"s:63:4:63:Infinity":17,"f:69:15:69:24":3,"s:70:16:70:Infinity":18,"b:71:4:73:Infinity:undefined:undefined:undefined:undefined":7,"s:71:4:73:Infinity":19,"s:72:6:72:Infinity":20,"s:75:21:75:Infinity":21,"b:76:4:78:Infinity:undefined:undefined:undefined:undefined":8,"s:76:4:78:Infinity":22,"s:77:6:77:Infinity":23,"s:80:17:80:Infinity":24,"s:81:4:81:Infinity":25,"f:87:15:87:22":4,"s:88:21:88:Infinity":26,"b:89:4:91:Infinity:undefined:undefined:undefined:undefined":9,"s:89:4:91:Infinity":27,"s:90:6:90:Infinity":28,"s:93:4:93:Infinity":29,"f:99:15:99:25":5,"s:100:21:102:Infinity":30,"b:104:4:107:Infinity:undefined:undefined:undefined:undefined":10,"s:104:4:107:Infinity":31,"s:105:20:105:Infinity":32,"s:106:6:106:Infinity":33,"b:106:22:106:38:106:38:106:60":11,"f:113:15:113:56":6,"s:114:21:114:Infinity":34,"b:115:4:117:Infinity:undefined:undefined:undefined:undefined":12,"s:115:4:117:Infinity":35,"s:116:6:116:Infinity":36,"s:119:4:119:Infinity":37,"f:125:9:125:25":7,"s:126:4:126:Infinity":38}}}
,"/home/runner/work/monib.life/monib.life/admin-ui/src/types/index.ts": {"path":"/home/runner/work/monib.life/monib.life/admin-ui/src/types/index.ts","statementMap":{"0":{"start":{"line":5,"column":7},"end":{"line":5,"column":null}},"1":{"start":{"line":6,"column":2},"end":{"line":6,"column":null}},"2":{"start":{"line":7,"column":2},"end":{"line":7,"column":null}},"3":{"start":{"line":8,"column":2},"end":{"line":8,"column":null}},"4":{"start":{"line":9,"column":2},"end":{"line":9,"column":null}},"5":{"start":{"line":10,"column":2},"end":{"line":10,"column":null}},"6":{"start":{"line":11,"column":2},"end":{"line":11,"column":null}},"7":{"start":{"line":5,"column":12},"end":{"line":5,"column":null}},"8":{"start":{"line":14,"column":7},"end":{"line":14,"column":null}},"9":{"start":{"line":15,"column":2},"end":{"line":15,"column":null}},"10":{"start":{"line":16,"column":2},"end":{"line":16,"column":null}},"11":{"start":{"line":14,"column":12},"end":{"line":14,"column":null}}},"fnMap":{"0":{"name":"(anonymous_0)","decl":{"start":{"line":5,"column":7},"end":{"line":5,"column":12}},"loc":{"start":{"line":5,"column":7},"end":{"line":5,"column":null}},"line":5},"1":{"name":"(anonymous_1)","decl":{"start":{"line":14,"column":7},"end":{"line":14,"column":12}},"loc":{"start":{"line":14,"column":7},"end":{"line":14,"column":null}},"line":14}},"branchMap":{"0":{"loc":{"start":{"line":5,"column":12},"end":{"line":5,"column":null}},"type":"binary-expr","locations":[{"start":{"line":5,"column":12},"end":{"line":5,"column":null}},{"start":{"line":5,"column":12},"end":{"line":5,"column":null}}],"line":5},"1":{"loc":{"start":{"line":14,"column":12},"end":{"line":14,"column":null}},"type":"binary-expr","locations":[{"start":{"line":14,"column":12},"end":{"line":14,"column":null}},{"start":{"line":14,"column":12},"end":{"line":14,"column":null}}],"line":14}},"s":{"0":3,"1":3,"2":3,"3":3,"4":3,"5":3,"6":3,"7":3,"8":3,"9":3,"10":3,"11":3},"f":{"0":3,"1":3},"b":{"0":[3,3],"1":[3,3]},"meta":{"lastBranch":2,"lastFunction":2,"lastStatement":12,"seen":{"s:5:7:5:Infinity":0,"f:5:7:5:12":0,"s:6:2:6:Infinity":1,"s:7:2:7:Infinity":2,"s:8:2:8:Infinity":3,"s:9:2:9:Infinity":4,"s:10:2:10:Infinity":5,"s:11:2:11:Infinity":6,"s:5:12:5:Infinity":7,"b:5:12:5:Infinity:5:12:5:Infinity":0,"s:14:7:14:Infinity":8,"f:14:7:14:12":1,"s:15:2:15:Infinity":9,"s:16:2:16:Infinity":10,"s:14:12:14:Infinity":11,"b:14:12:14:Infinity:14:12:14:Infinity":1}}}
}
